<?xml version="1.0" encoding="UTF-8"?>
<testng-results ignored="0" total="1" passed="1" failed="0" skipped="0">
  <reporter-output>
  </reporter-output>
  <suite started-at="2024-02-21T11:08:53 IST" name="Default suite" finished-at="2024-02-21T11:09:13 IST" duration-ms="19893">
    <groups>
    </groups>
    <test started-at="2024-02-21T11:08:53 IST" name="Default test" finished-at="2024-02-21T11:09:13 IST" duration-ms="19893">
      <class name="com.DemoWebShop.testScripts.LoginTest">
        <test-method is-config="true" signature="browserSetup()[pri:0, instance:com.DemoWebShop.testScripts.LoginTest@6580cfdd]" started-at="2024-02-21T11:08:53 IST" name="browserSetup" finished-at="2024-02-21T11:09:01 IST" duration-ms="8160" status="PASS">
          <reporter-output>
          </reporter-output>
        </test-method> <!-- browserSetup -->
        <test-method signature="TC_Login_001()[pri:0, instance:com.DemoWebShop.testScripts.LoginTest@6580cfdd]" started-at="2024-02-21T11:09:01 IST" name="TC_Login_001" finished-at="2024-02-21T11:09:11 IST" duration-ms="10126" status="PASS">
          <reporter-output>
          </reporter-output>
        </test-method> <!-- TC_Login_001 -->
        <test-method is-config="true" signature="browserTearDown()[pri:0, instance:com.DemoWebShop.testScripts.LoginTest@6580cfdd]" started-at="2024-02-21T11:09:11 IST" name="browserTearDown" finished-at="2024-02-21T11:09:13 IST" duration-ms="1508" status="PASS">
          <reporter-output>
          </reporter-output>
        </test-method> <!-- browserTearDown -->
      </class> <!-- com.DemoWebShop.testScripts.LoginTest -->
    </test> <!-- Default test -->
  </suite> <!-- Default suite -->
</testng-results>
